Running: D:\Xilinx\14.5\ISE_DS\ISE\bin\nt64\unwrapped\fuse.exe -intstyle ise -incremental -lib secureip -o D:/Matrial/Archi Milstone/Milestone2archi/Milestone2/Milestone2/mile22/RobotTest_isim_beh.exe -prj D:/Matrial/Archi Milstone/Milestone2archi/Milestone2/Milestone2/mile22/RobotTest_beh.prj work.RobotTest 
ISim P.58f (signature 0x7708f090)
Number of CPUs detected in this system: 4
Turning on mult-threading, number of parallel sub-compilation jobs: 8 
Determining compilation order of HDL files
Parsing VHDL file "D:/Matrial/Archi Milstone/Milestone2archi/Milestone2/Milestone2/mile22/../package_register.vhd" into library work
Parsing VHDL file "D:/Matrial/Archi Milstone/Milestone2archi/Milestone2/Milestone2/mile22/../packageALU.vhd" into library work
Parsing VHDL file "D:/Matrial/Archi Milstone/Milestone2archi/Milestone2/Milestone2/mile22/../multx4.vhd" into library work
Parsing VHDL file "D:/Matrial/Archi Milstone/Milestone2archi/Milestone2/Milestone2/mile22/../multx2.vhd" into library work
Parsing VHDL file "D:/Matrial/Archi Milstone/Milestone2archi/Milestone2/Milestone2/mile22/../fulladder.vhd" into library work
Parsing VHDL file "D:/Matrial/Archi Milstone/Milestone2archi/Milestone2/Milestone2/mile22/../onebitALU.vhd" into library work
Parsing VHDL file "D:/Matrial/Archi Milstone/Milestone2archi/Milestone2/Milestone2/mile22/../multx.vhd" into library work
Parsing VHDL file "D:/Matrial/Archi Milstone/Milestone2archi/Milestone2/Milestone2/mile22/../lastonebitALU.vhd" into library work
Parsing VHDL file "D:/Matrial/Archi Milstone/Milestone2archi/Milestone2/Milestone2/mile22/../GenericReg.vhd" into library work
Parsing VHDL file "D:/Matrial/Archi Milstone/Milestone2archi/Milestone2/Milestone2/mile22/../decoder.vhd" into library work
Parsing VHDL file "D:/Matrial/Archi Milstone/Milestone2archi/Milestone2/Milestone2/mile22/../RegisterFile.vhd" into library work
Parsing VHDL file "D:/Matrial/Archi Milstone/Milestone2archi/Milestone2/Milestone2/mile22/sign_extent.vhd" into library work
Parsing VHDL file "D:/Matrial/Archi Milstone/Milestone2archi/Milestone2/Milestone2/mile22/multx2_bit.vhd" into library work
Parsing VHDL file "D:/Matrial/Archi Milstone/Milestone2archi/Milestone2/Milestone2/mile22/fulladder_pc.vhd" into library work
Parsing VHDL file "D:/Matrial/Archi Milstone/Milestone2archi/Milestone2/Milestone2/mile22/CU.vhd" into library work
Parsing VHDL file "D:/Matrial/Archi Milstone/Milestone2archi/Milestone2/Milestone2/mile22/ALUControl.vhd" into library work
Parsing VHDL file "D:/Matrial/Archi Milstone/Milestone2archi/Milestone2/Milestone2/mile22/../InstMem.V3.vhd" into library work
Parsing VHDL file "D:/Matrial/Archi Milstone/Milestone2archi/Milestone2/Milestone2/mile22/../Datamem.V4.vhd" into library work
Parsing VHDL file "D:/Matrial/Archi Milstone/Milestone2archi/Milestone2/Milestone2/mile22/../ALU.vhd" into library work
Parsing VHDL file "D:/Matrial/Archi Milstone/Milestone2archi/Milestone2/Milestone2/mile22/../MainModule.vhd" into library work
Parsing VHDL file "D:/Matrial/Archi Milstone/Milestone2archi/Milestone2/Milestone2/mile22/../../../../../Archi/TestCase/RobotTest.vhd" into library work
Starting static elaboration
Completed static elaboration
Compiling package standard
Compiling package std_logic_1164
Compiling package package_register
Compiling package packagealu
Compiling package std_logic_arith
Compiling package std_logic_unsigned
Compiling package std_logic_signed
Compiling package textio
Compiling package std_logic_textio
Compiling architecture behavioral of entity reg [\reg(32)\]
Compiling architecture behavioral of entity fulladder_pc [fulladder_pc_default]
Compiling architecture behavioral of entity INSTRMEMORY [\INSTRMEMORY(64,32,32)\]
Compiling architecture behavioral of entity CU [cu_default]
Compiling architecture behavioral of entity multx2_bit [\multx2_bit(5)\]
Compiling architecture behavioral of entity multx [multx_default]
Compiling architecture behavioral of entity decoder [decoder_default]
Compiling architecture behavioral of entity RegisterFile [registerfile_default]
Compiling architecture behavioral of entity sign_extent [sign_extent_default]
Compiling architecture behavioral of entity multx2_bit [\multx2_bit(32)\]
Compiling architecture behavioral of entity ALUControl [alucontrol_default]
Compiling architecture behavioral of entity multx2 [multx2_default]
Compiling architecture behavioral of entity multx4 [multx4_default]
Compiling architecture behavioral of entity fulladder [fulladder_default]
Compiling architecture behavioral of entity onebitALU [onebitalu_default]
Compiling architecture behavioral of entity lastonebitALU [lastonebitalu_default]
Compiling architecture behavioral of entity ALU [alu_default]
Compiling architecture behavioral of entity DATAMEMORY [\DATAMEMORY(64,32,32)\]
Compiling architecture behavioral of entity MainModule [mainmodule_default]
Compiling architecture behavior of entity robottest
Time Resolution for simulation is 1ps.
Waiting for 19 sub-compilation(s) to finish...
Compiled 48 VHDL Units
Built simulation executable D:/Matrial/Archi Milstone/Milestone2archi/Milestone2/Milestone2/mile22/RobotTest_isim_beh.exe
Fuse Memory Usage: 36016 KB
Fuse CPU Usage: 1014 ms
